<?xml version="1.0" encoding="UTF-8"?>
<!-- Generated by org.testng.reporters.JUnitXMLReporter -->
<testsuite ignored="0" hostname="PC" failures="0" tests="1" name="End to End Test on Internet Explorer" time="26.336" errors="0" timestamp="2023-11-27T13:47:27 WAT">
  <testcase classname="testcases.TestCasesPageTest" name="@BeforeMethod setUp" time="25.995">
    <failure type="java.lang.IllegalStateException" message="The path to the driver executable The path to the driver executable must be set by the webdriver.ie.driver system property; for more information, see https://www.selenium.dev/documentation/ie_driver_server/. The latest version can be downloaded from https://www.selenium.dev/downloads/">
      <![CDATA[java.lang.IllegalStateException: The path to the driver executable The path to the driver executable must be set by the webdriver.ie.driver system property; for more information, see https://www.selenium.dev/documentation/ie_driver_server/. The latest version can be downloaded from https://www.selenium.dev/downloads/
at org.openqa.selenium.internal.Require$StateChecker.nonNull(Require.java:314)
at org.openqa.selenium.remote.service.DriverService.findExecutable(DriverService.java:149)
at org.openqa.selenium.ie.InternetExplorerDriverService.access$000(InternetExplorerDriverService.java:41)
at org.openqa.selenium.ie.InternetExplorerDriverService$Builder.findDefaultExecutable(InternetExplorerDriverService.java:175)
at org.openqa.selenium.remote.service.DriverService$Builder.build(DriverService.java:456)
at org.openqa.selenium.ie.InternetExplorerDriverService.createDefaultService(InternetExplorerDriverService.java:99)
at org.openqa.selenium.ie.InternetExplorerDriver.<init>(InternetExplorerDriver.java:138)
at org.openqa.selenium.ie.InternetExplorerDriver.<init>(InternetExplorerDriver.java:113)
at Base.BaseClass.initialization(BaseClass.java:54)
at testcases.TestCasesPageTest.setUp(TestCasesPageTest.java:29)
at java.base/java.util.ArrayList.forEach(ArrayList.java:1511)
... Removed 29 stack frames]]>
    </failure>
  </testcase> <!-- @BeforeMethod setUp -->
  <testcase classname="testcases.TestCasesPageTest" name="@AfterMethod tearDown" time="-1.701089247567E9">
    <skipped/>
  </testcase> <!-- @AfterMethod tearDown -->
  <testcase classname="testcases.TestCasesPageTest" name="ClickOnTestCases" time="0.001">
    <skipped/>
  </testcase> <!-- ClickOnTestCases -->
</testsuite> <!-- End to End Test on Internet Explorer -->
